  getopt.cpp
  main.cpp
src\main.cpp(157): warning C4996: 'freopen': This function or variable may be unsafe. Consider using freopen_s instead. To disable deprecation, use _CRT_SECURE_NO_WARNINGS. See online help for details.
  C:\Program Files (x86)\Windows Kits\10\Include\10.0.10240.0\ucrt\stdio.h(240): note: 請參閱 'freopen' 的宣告
src\main.cpp(158): warning C4996: 'freopen': This function or variable may be unsafe. Consider using freopen_s instead. To disable deprecation, use _CRT_SECURE_NO_WARNINGS. See online help for details.
  C:\Program Files (x86)\Windows Kits\10\Include\10.0.10240.0\ucrt\stdio.h(240): note: 請參閱 'freopen' 的宣告
src\main.cpp(159): warning C4996: 'freopen': This function or variable may be unsafe. Consider using freopen_s instead. To disable deprecation, use _CRT_SECURE_NO_WARNINGS. See online help for details.
  C:\Program Files (x86)\Windows Kits\10\Include\10.0.10240.0\ucrt\stdio.h(240): note: 請參閱 'freopen' 的宣告
  RayTracer.cpp
c:\users\uer\desktop\project3\pa3_rt\src\fileio/parse.h(180): warning C4018: '<': signed/unsigned 不相符
src\RayTracer.cpp(22): warning C4800: 'int': 強制將 bool 的值定為 'true' 或 'false' (效能警告)
  TraceGLWindow.cpp
  TraceUI.cpp
src\ui\TraceUI.cpp(34): warning C4996: 'sprintf': This function or variable may be unsafe. Consider using sprintf_s instead. To disable deprecation, use _CRT_SECURE_NO_WARNINGS. See online help for details.
  C:\Program Files (x86)\Windows Kits\10\Include\10.0.10240.0\ucrt\stdio.h(1769): note: 請參閱 'sprintf' 的宣告
src\ui\TraceUI.cpp(37): warning C4996: 'sprintf': This function or variable may be unsafe. Consider using sprintf_s instead. To disable deprecation, use _CRT_SECURE_NO_WARNINGS. See online help for details.
  C:\Program Files (x86)\Windows Kits\10\Include\10.0.10240.0\ucrt\stdio.h(1769): note: 請參閱 'sprintf' 的宣告
src\ui\TraceUI.cpp(212): warning C4996: 'sprintf': This function or variable may be unsafe. Consider using sprintf_s instead. To disable deprecation, use _CRT_SECURE_NO_WARNINGS. See online help for details.
  C:\Program Files (x86)\Windows Kits\10\Include\10.0.10240.0\ucrt\stdio.h(1769): note: 請參閱 'sprintf' 的宣告
  bitmap.cpp
src\fileio\bitmap.cpp(22): warning C4996: 'fopen': This function or variable may be unsafe. Consider using fopen_s instead. To disable deprecation, use _CRT_SECURE_NO_WARNINGS. See online help for details.
  C:\Program Files (x86)\Windows Kits\10\Include\10.0.10240.0\ucrt\stdio.h(205): note: 請參閱 'fopen' 的宣告
src\fileio\bitmap.cpp(127): warning C4996: 'fopen': This function or variable may be unsafe. Consider using fopen_s instead. To disable deprecation, use _CRT_SECURE_NO_WARNINGS. See online help for details.
  C:\Program Files (x86)\Windows Kits\10\Include\10.0.10240.0\ucrt\stdio.h(205): note: 請參閱 'fopen' 的宣告
  parse.cpp
c:\users\uer\desktop\project3\pa3_rt\src\fileio\parse.h(180): warning C4018: '<': signed/unsigned 不相符
  read.cpp
c:\users\uer\desktop\project3\pa3_rt\src\fileio\parse.h(180): warning C4018: '<': signed/unsigned 不相符
  vecmath.cpp
  camera.cpp
  light.cpp
  material.cpp
  ray.cpp
  scene.cpp
  Box.cpp
  Cone.cpp
  Cylinder.cpp
  Sphere.cpp
  Square.cpp
  trimesh.cpp
src\SceneObjects\trimesh.cpp(91): warning C4244: '=': 將 'double' 轉換為 'float'，由於類型不同，可能導致資料遺失
src\SceneObjects\trimesh.cpp(102): warning C4244: '正在初始化': 將 'double' 轉換為 'float'，由於類型不同，可能導致資料遺失
  正在產生程式碼...
fltk.lib(case.obj) : warning LNK4204: 'C:\Users\uer\Desktop\project3\pa3_rt\Release\vc140.pdb' 遺漏參考模組的偵錯資訊，當做沒有偵錯資訊，連結物件
fltk.lib(filename_absolute.obj) : warning LNK4204: 'C:\Users\uer\Desktop\project3\pa3_rt\Release\vc140.pdb' 遺漏參考模組的偵錯資訊，當做沒有偵錯資訊，連結物件
fltk.lib(filename_expand.obj) : warning LNK4204: 'C:\Users\uer\Desktop\project3\pa3_rt\Release\vc140.pdb' 遺漏參考模組的偵錯資訊，當做沒有偵錯資訊，連結物件
fltk.lib(filename_isdir.obj) : warning LNK4204: 'C:\Users\uer\Desktop\project3\pa3_rt\Release\vc140.pdb' 遺漏參考模組的偵錯資訊，當做沒有偵錯資訊，連結物件
fltk.lib(filename_list.obj) : warning LNK4204: 'C:\Users\uer\Desktop\project3\pa3_rt\Release\vc140.pdb' 遺漏參考模組的偵錯資訊，當做沒有偵錯資訊，連結物件
fltk.lib(filename_match.obj) : warning LNK4204: 'C:\Users\uer\Desktop\project3\pa3_rt\Release\vc140.pdb' 遺漏參考模組的偵錯資訊，當做沒有偵錯資訊，連結物件
fltk.lib(Fl.obj) : warning LNK4204: 'C:\Users\uer\Desktop\project3\pa3_rt\Release\vc140.pdb' 遺漏參考模組的偵錯資訊，當做沒有偵錯資訊，連結物件
fltk.lib(Fl_abort.obj) : warning LNK4204: 'C:\Users\uer\Desktop\project3\pa3_rt\Release\vc140.pdb' 遺漏參考模組的偵錯資訊，當做沒有偵錯資訊，連結物件
fltk.lib(fl_arc.obj) : warning LNK4204: 'C:\Users\uer\Desktop\project3\pa3_rt\Release\vc140.pdb' 遺漏參考模組的偵錯資訊，當做沒有偵錯資訊，連結物件
fltk.lib(fl_arci.obj) : warning LNK4204: 'C:\Users\uer\Desktop\project3\pa3_rt\Release\vc140.pdb' 遺漏參考模組的偵錯資訊，當做沒有偵錯資訊，連結物件
fltk.lib(fl_ask.obj) : warning LNK4204: 'C:\Users\uer\Desktop\project3\pa3_rt\Release\vc140.pdb' 遺漏參考模組的偵錯資訊，當做沒有偵錯資訊，連結物件
fltk.lib(Fl_Bitmap.obj) : warning LNK4204: 'C:\Users\uer\Desktop\project3\pa3_rt\Release\vc140.pdb' 遺漏參考模組的偵錯資訊，當做沒有偵錯資訊，連結物件
fltk.lib(Fl_Box.obj) : warning LNK4204: 'C:\Users\uer\Desktop\project3\pa3_rt\Release\vc140.pdb' 遺漏參考模組的偵錯資訊，當做沒有偵錯資訊，連結物件
fltk.lib(fl_boxtype.obj) : warning LNK4204: 'C:\Users\uer\Desktop\project3\pa3_rt\Release\vc140.pdb' 遺漏參考模組的偵錯資訊，當做沒有偵錯資訊，連結物件
fltk.lib(Fl_Browser.obj) : warning LNK4204: 'C:\Users\uer\Desktop\project3\pa3_rt\Release\vc140.pdb' 遺漏參考模組的偵錯資訊，當做沒有偵錯資訊，連結物件
fltk.lib(Fl_Browser_.obj) : warning LNK4204: 'C:\Users\uer\Desktop\project3\pa3_rt\Release\vc140.pdb' 遺漏參考模組的偵錯資訊，當做沒有偵錯資訊，連結物件
fltk.lib(Fl_Button.obj) : warning LNK4204: 'C:\Users\uer\Desktop\project3\pa3_rt\Release\vc140.pdb' 遺漏參考模組的偵錯資訊，當做沒有偵錯資訊，連結物件
fltk.lib(fl_call_main.obj) : warning LNK4204: 'C:\Users\uer\Desktop\project3\pa3_rt\Release\vc140.pdb' 遺漏參考模組的偵錯資訊，當做沒有偵錯資訊，連結物件
fltk.lib(Fl_Check_Button.obj) : warning LNK4204: 'C:\Users\uer\Desktop\project3\pa3_rt\Release\vc140.pdb' 遺漏參考模組的偵錯資訊，當做沒有偵錯資訊，連結物件
fltk.lib(Fl_Choice.obj) : warning LNK4204: 'C:\Users\uer\Desktop\project3\pa3_rt\Release\vc140.pdb' 遺漏參考模組的偵錯資訊，當做沒有偵錯資訊，連結物件
fltk.lib(fl_color.obj) : warning LNK4204: 'C:\Users\uer\Desktop\project3\pa3_rt\Release\vc140.pdb' 遺漏參考模組的偵錯資訊，當做沒有偵錯資訊，連結物件
fltk.lib(Fl_compose.obj) : warning LNK4204: 'C:\Users\uer\Desktop\project3\pa3_rt\Release\vc140.pdb' 遺漏參考模組的偵錯資訊，當做沒有偵錯資訊，連結物件
fltk.lib(fl_cursor.obj) : warning LNK4204: 'C:\Users\uer\Desktop\project3\pa3_rt\Release\vc140.pdb' 遺漏參考模組的偵錯資訊，當做沒有偵錯資訊，連結物件
fltk.lib(fl_curve.obj) : warning LNK4204: 'C:\Users\uer\Desktop\project3\pa3_rt\Release\vc140.pdb' 遺漏參考模組的偵錯資訊，當做沒有偵錯資訊，連結物件
fltk.lib(Fl_Device.obj) : warning LNK4204: 'C:\Users\uer\Desktop\project3\pa3_rt\Release\vc140.pdb' 遺漏參考模組的偵錯資訊，當做沒有偵錯資訊，連結物件
fltk.lib(fl_dnd.obj) : warning LNK4204: 'C:\Users\uer\Desktop\project3\pa3_rt\Release\vc140.pdb' 遺漏參考模組的偵錯資訊，當做沒有偵錯資訊，連結物件
fltk.lib(Fl_Double_Window.obj) : warning LNK4204: 'C:\Users\uer\Desktop\project3\pa3_rt\Release\vc140.pdb' 遺漏參考模組的偵錯資訊，當做沒有偵錯資訊，連結物件
fltk.lib(fl_draw.obj) : warning LNK4204: 'C:\Users\uer\Desktop\project3\pa3_rt\Release\vc140.pdb' 遺漏參考模組的偵錯資訊，當做沒有偵錯資訊，連結物件
fltk.lib(fl_draw_image.obj) : warning LNK4204: 'C:\Users\uer\Desktop\project3\pa3_rt\Release\vc140.pdb' 遺漏參考模組的偵錯資訊，當做沒有偵錯資訊，連結物件
fltk.lib(fl_draw_pixmap.obj) : warning LNK4204: 'C:\Users\uer\Desktop\project3\pa3_rt\Release\vc140.pdb' 遺漏參考模組的偵錯資訊，當做沒有偵錯資訊，連結物件
fltk.lib(Fl_File_Browser.obj) : warning LNK4204: 'C:\Users\uer\Desktop\project3\pa3_rt\Release\vc140.pdb' 遺漏參考模組的偵錯資訊，當做沒有偵錯資訊，連結物件
fltk.lib(Fl_File_Chooser.obj) : warning LNK4204: 'C:\Users\uer\Desktop\project3\pa3_rt\Release\vc140.pdb' 遺漏參考模組的偵錯資訊，當做沒有偵錯資訊，連結物件
fltk.lib(Fl_File_Chooser2.obj) : warning LNK4204: 'C:\Users\uer\Desktop\project3\pa3_rt\Release\vc140.pdb' 遺漏參考模組的偵錯資訊，當做沒有偵錯資訊，連結物件
fltk.lib(fl_file_dir.obj) : warning LNK4204: 'C:\Users\uer\Desktop\project3\pa3_rt\Release\vc140.pdb' 遺漏參考模組的偵錯資訊，當做沒有偵錯資訊，連結物件
fltk.lib(Fl_File_Icon.obj) : warning LNK4204: 'C:\Users\uer\Desktop\project3\pa3_rt\Release\vc140.pdb' 遺漏參考模組的偵錯資訊，當做沒有偵錯資訊，連結物件
fltk.lib(Fl_File_Input.obj) : warning LNK4204: 'C:\Users\uer\Desktop\project3\pa3_rt\Release\vc140.pdb' 遺漏參考模組的偵錯資訊，當做沒有偵錯資訊，連結物件
fltk.lib(fl_font.obj) : warning LNK4204: 'C:\Users\uer\Desktop\project3\pa3_rt\Release\vc140.pdb' 遺漏參考模組的偵錯資訊，當做沒有偵錯資訊，連結物件
fltk.lib(Fl_get_system_colors.obj) : warning LNK4204: 'C:\Users\uer\Desktop\project3\pa3_rt\Release\vc140.pdb' 遺漏參考模組的偵錯資訊，當做沒有偵錯資訊，連結物件
fltk.lib(Fl_grab.obj) : warning LNK4204: 'C:\Users\uer\Desktop\project3\pa3_rt\Release\vc140.pdb' 遺漏參考模組的偵錯資訊，當做沒有偵錯資訊，連結物件
fltk.lib(Fl_Group.obj) : warning LNK4204: 'C:\Users\uer\Desktop\project3\pa3_rt\Release\vc140.pdb' 遺漏參考模組的偵錯資訊，當做沒有偵錯資訊，連結物件
fltk.lib(fl_gtk.obj) : warning LNK4204: 'C:\Users\uer\Desktop\project3\pa3_rt\Release\vc140.pdb' 遺漏參考模組的偵錯資訊，當做沒有偵錯資訊，連結物件
fltk.lib(fl_gleam.obj) : warning LNK4204: 'C:\Users\uer\Desktop\project3\pa3_rt\Release\vc140.pdb' 遺漏參考模組的偵錯資訊，當做沒有偵錯資訊，連結物件
fltk.lib(Fl_Image.obj) : warning LNK4204: 'C:\Users\uer\Desktop\project3\pa3_rt\Release\vc140.pdb' 遺漏參考模組的偵錯資訊，當做沒有偵錯資訊，連結物件
fltk.lib(Fl_Input.obj) : warning LNK4204: 'C:\Users\uer\Desktop\project3\pa3_rt\Release\vc140.pdb' 遺漏參考模組的偵錯資訊，當做沒有偵錯資訊，連結物件
fltk.lib(Fl_Input_.obj) : warning LNK4204: 'C:\Users\uer\Desktop\project3\pa3_rt\Release\vc140.pdb' 遺漏參考模組的偵錯資訊，當做沒有偵錯資訊，連結物件
fltk.lib(fl_labeltype.obj) : warning LNK4204: 'C:\Users\uer\Desktop\project3\pa3_rt\Release\vc140.pdb' 遺漏參考模組的偵錯資訊，當做沒有偵錯資訊，連結物件
fltk.lib(Fl_Light_Button.obj) : warning LNK4204: 'C:\Users\uer\Desktop\project3\pa3_rt\Release\vc140.pdb' 遺漏參考模組的偵錯資訊，當做沒有偵錯資訊，連結物件
fltk.lib(fl_line_style.obj) : warning LNK4204: 'C:\Users\uer\Desktop\project3\pa3_rt\Release\vc140.pdb' 遺漏參考模組的偵錯資訊，當做沒有偵錯資訊，連結物件
fltk.lib(Fl_lock.obj) : warning LNK4204: 'C:\Users\uer\Desktop\project3\pa3_rt\Release\vc140.pdb' 遺漏參考模組的偵錯資訊，當做沒有偵錯資訊，連結物件
fltk.lib(Fl_Menu.obj) : warning LNK4204: 'C:\Users\uer\Desktop\project3\pa3_rt\Release\vc140.pdb' 遺漏參考模組的偵錯資訊，當做沒有偵錯資訊，連結物件
fltk.lib(Fl_Menu_.obj) : warning LNK4204: 'C:\Users\uer\Desktop\project3\pa3_rt\Release\vc140.pdb' 遺漏參考模組的偵錯資訊，當做沒有偵錯資訊，連結物件
fltk.lib(Fl_Menu_add.obj) : warning LNK4204: 'C:\Users\uer\Desktop\project3\pa3_rt\Release\vc140.pdb' 遺漏參考模組的偵錯資訊，當做沒有偵錯資訊，連結物件
fltk.lib(Fl_Menu_Bar.obj) : warning LNK4204: 'C:\Users\uer\Desktop\project3\pa3_rt\Release\vc140.pdb' 遺漏參考模組的偵錯資訊，當做沒有偵錯資訊，連結物件
fltk.lib(Fl_Menu_Button.obj) : warning LNK4204: 'C:\Users\uer\Desktop\project3\pa3_rt\Release\vc140.pdb' 遺漏參考模組的偵錯資訊，當做沒有偵錯資訊，連結物件
fltk.lib(Fl_Menu_Window.obj) : warning LNK4204: 'C:\Users\uer\Desktop\project3\pa3_rt\Release\vc140.pdb' 遺漏參考模組的偵錯資訊，當做沒有偵錯資訊，連結物件
fltk.lib(Fl_Overlay_Window.obj) : warning LNK4204: 'C:\Users\uer\Desktop\project3\pa3_rt\Release\vc140.pdb' 遺漏參考模組的偵錯資訊，當做沒有偵錯資訊，連結物件
fltk.lib(Fl_Pixmap.obj) : warning LNK4204: 'C:\Users\uer\Desktop\project3\pa3_rt\Release\vc140.pdb' 遺漏參考模組的偵錯資訊，當做沒有偵錯資訊，連結物件
fltk.lib(fl_plastic.obj) : warning LNK4204: 'C:\Users\uer\Desktop\project3\pa3_rt\Release\vc140.pdb' 遺漏參考模組的偵錯資訊，當做沒有偵錯資訊，連結物件
fltk.lib(Fl_Preferences.obj) : warning LNK4204: 'C:\Users\uer\Desktop\project3\pa3_rt\Release\vc140.pdb' 遺漏參考模組的偵錯資訊，當做沒有偵錯資訊，連結物件
fltk.lib(fl_read_image.obj) : warning LNK4204: 'C:\Users\uer\Desktop\project3\pa3_rt\Release\vc140.pdb' 遺漏參考模組的偵錯資訊，當做沒有偵錯資訊，連結物件
fltk.lib(fl_rect.obj) : warning LNK4204: 'C:\Users\uer\Desktop\project3\pa3_rt\Release\vc140.pdb' 遺漏參考模組的偵錯資訊，當做沒有偵錯資訊，連結物件
fltk.lib(Fl_Repeat_Button.obj) : warning LNK4204: 'C:\Users\uer\Desktop\project3\pa3_rt\Release\vc140.pdb' 遺漏參考模組的偵錯資訊，當做沒有偵錯資訊，連結物件
fltk.lib(Fl_Return_Button.obj) : warning LNK4204: 'C:\Users\uer\Desktop\project3\pa3_rt\Release\vc140.pdb' 遺漏參考模組的偵錯資訊，當做沒有偵錯資訊，連結物件
fltk.lib(fl_round_box.obj) : warning LNK4204: 'C:\Users\uer\Desktop\project3\pa3_rt\Release\vc140.pdb' 遺漏參考模組的偵錯資訊，當做沒有偵錯資訊，連結物件
fltk.lib(Fl_Scrollbar.obj) : warning LNK4204: 'C:\Users\uer\Desktop\project3\pa3_rt\Release\vc140.pdb' 遺漏參考模組的偵錯資訊，當做沒有偵錯資訊，連結物件
fltk.lib(Fl_Shared_Image.obj) : warning LNK4204: 'C:\Users\uer\Desktop\project3\pa3_rt\Release\vc140.pdb' 遺漏參考模組的偵錯資訊，當做沒有偵錯資訊，連結物件
fltk.lib(fl_shortcut.obj) : warning LNK4204: 'C:\Users\uer\Desktop\project3\pa3_rt\Release\vc140.pdb' 遺漏參考模組的偵錯資訊，當做沒有偵錯資訊，連結物件
fltk.lib(Fl_Single_Window.obj) : warning LNK4204: 'C:\Users\uer\Desktop\project3\pa3_rt\Release\vc140.pdb' 遺漏參考模組的偵錯資訊，當做沒有偵錯資訊，連結物件
fltk.lib(Fl_Slider.obj) : warning LNK4204: 'C:\Users\uer\Desktop\project3\pa3_rt\Release\vc140.pdb' 遺漏參考模組的偵錯資訊，當做沒有偵錯資訊，連結物件
fltk.lib(fl_symbols.obj) : warning LNK4204: 'C:\Users\uer\Desktop\project3\pa3_rt\Release\vc140.pdb' 遺漏參考模組的偵錯資訊，當做沒有偵錯資訊，連結物件
fltk.lib(Fl_Tile.obj) : warning LNK4204: 'C:\Users\uer\Desktop\project3\pa3_rt\Release\vc140.pdb' 遺漏參考模組的偵錯資訊，當做沒有偵錯資訊，連結物件
fltk.lib(Fl_Tiled_Image.obj) : warning LNK4204: 'C:\Users\uer\Desktop\project3\pa3_rt\Release\vc140.pdb' 遺漏參考模組的偵錯資訊，當做沒有偵錯資訊，連結物件
fltk.lib(Fl_Tooltip.obj) : warning LNK4204: 'C:\Users\uer\Desktop\project3\pa3_rt\Release\vc140.pdb' 遺漏參考模組的偵錯資訊，當做沒有偵錯資訊，連結物件
fltk.lib(fl_utf.obj) : warning LNK4204: 'C:\Users\uer\Desktop\project3\pa3_rt\Release\vc140.pdb' 遺漏參考模組的偵錯資訊，當做沒有偵錯資訊，連結物件
fltk.lib(fl_utf8.obj) : warning LNK4204: 'C:\Users\uer\Desktop\project3\pa3_rt\Release\vc140.pdb' 遺漏參考模組的偵錯資訊，當做沒有偵錯資訊，連結物件
fltk.lib(Fl_Valuator.obj) : warning LNK4204: 'C:\Users\uer\Desktop\project3\pa3_rt\Release\vc140.pdb' 遺漏參考模組的偵錯資訊，當做沒有偵錯資訊，連結物件
fltk.lib(Fl_Value_Slider.obj) : warning LNK4204: 'C:\Users\uer\Desktop\project3\pa3_rt\Release\vc140.pdb' 遺漏參考模組的偵錯資訊，當做沒有偵錯資訊，連結物件
fltk.lib(fl_vertex.obj) : warning LNK4204: 'C:\Users\uer\Desktop\project3\pa3_rt\Release\vc140.pdb' 遺漏參考模組的偵錯資訊，當做沒有偵錯資訊，連結物件
fltk.lib(Fl_visual.obj) : warning LNK4204: 'C:\Users\uer\Desktop\project3\pa3_rt\Release\vc140.pdb' 遺漏參考模組的偵錯資訊，當做沒有偵錯資訊，連結物件
fltk.lib(Fl_Widget.obj) : warning LNK4204: 'C:\Users\uer\Desktop\project3\pa3_rt\Release\vc140.pdb' 遺漏參考模組的偵錯資訊，當做沒有偵錯資訊，連結物件
fltk.lib(Fl_Window.obj) : warning LNK4204: 'C:\Users\uer\Desktop\project3\pa3_rt\Release\vc140.pdb' 遺漏參考模組的偵錯資訊，當做沒有偵錯資訊，連結物件
fltk.lib(Fl_Window_fullscreen.obj) : warning LNK4204: 'C:\Users\uer\Desktop\project3\pa3_rt\Release\vc140.pdb' 遺漏參考模組的偵錯資訊，當做沒有偵錯資訊，連結物件
fltk.lib(Fl_Window_hotspot.obj) : warning LNK4204: 'C:\Users\uer\Desktop\project3\pa3_rt\Release\vc140.pdb' 遺漏參考模組的偵錯資訊，當做沒有偵錯資訊，連結物件
fltk.lib(Fl_Window_shape.obj) : warning LNK4204: 'C:\Users\uer\Desktop\project3\pa3_rt\Release\vc140.pdb' 遺漏參考模組的偵錯資訊，當做沒有偵錯資訊，連結物件
fltk.lib(Fl_XBM_Image.obj) : warning LNK4204: 'C:\Users\uer\Desktop\project3\pa3_rt\Release\vc140.pdb' 遺漏參考模組的偵錯資訊，當做沒有偵錯資訊，連結物件
fltk.lib(Fl_XPM_Image.obj) : warning LNK4204: 'C:\Users\uer\Desktop\project3\pa3_rt\Release\vc140.pdb' 遺漏參考模組的偵錯資訊，當做沒有偵錯資訊，連結物件
fltk.lib(flstring.obj) : warning LNK4204: 'C:\Users\uer\Desktop\project3\pa3_rt\Release\vc140.pdb' 遺漏參考模組的偵錯資訊，當做沒有偵錯資訊，連結物件
fltk.lib(is_spacing.obj) : warning LNK4204: 'C:\Users\uer\Desktop\project3\pa3_rt\Release\vc140.pdb' 遺漏參考模組的偵錯資訊，當做沒有偵錯資訊，連結物件
fltk.lib(numericsort.obj) : warning LNK4204: 'C:\Users\uer\Desktop\project3\pa3_rt\Release\vc140.pdb' 遺漏參考模組的偵錯資訊，當做沒有偵錯資訊，連結物件
fltk.lib(scandir.obj) : warning LNK4204: 'C:\Users\uer\Desktop\project3\pa3_rt\Release\vc140.pdb' 遺漏參考模組的偵錯資訊，當做沒有偵錯資訊，連結物件
fltk.lib(screen_xywh.obj) : warning LNK4204: 'C:\Users\uer\Desktop\project3\pa3_rt\Release\vc140.pdb' 遺漏參考模組的偵錯資訊，當做沒有偵錯資訊，連結物件
fltk.lib(vsnprintf.obj) : warning LNK4204: 'C:\Users\uer\Desktop\project3\pa3_rt\Release\vc140.pdb' 遺漏參考模組的偵錯資訊，當做沒有偵錯資訊，連結物件
fltkgl.lib(Fl_Gl_Choice.obj) : warning LNK4204: 'C:\Users\uer\Desktop\project3\pa3_rt\Release\vc140.pdb' 遺漏參考模組的偵錯資訊，當做沒有偵錯資訊，連結物件
fltkgl.lib(Fl_Gl_Device_Plugin.obj) : warning LNK4204: 'C:\Users\uer\Desktop\project3\pa3_rt\Release\vc140.pdb' 遺漏參考模組的偵錯資訊，當做沒有偵錯資訊，連結物件
fltkgl.lib(Fl_Gl_Window.obj) : warning LNK4204: 'C:\Users\uer\Desktop\project3\pa3_rt\Release\vc140.pdb' 遺漏參考模組的偵錯資訊，當做沒有偵錯資訊，連結物件
fltkgl.lib(gl_draw.obj) : warning LNK4204: 'C:\Users\uer\Desktop\project3\pa3_rt\Release\vc140.pdb' 遺漏參考模組的偵錯資訊，當做沒有偵錯資訊，連結物件
  ray.vcxproj -> C:\Users\uer\Desktop\project3\pa3_rt\.\Release\ray.exe
  ray.vcxproj -> .\Release\ray.pdb (Full PDB)
